# JRE version: OpenJDK Runtime Environment Temurin-21.0.10+7 (21.0.10+7) (build 21.0.10+7-LTS)
# Java VM: OpenJDK 64-Bit Server VM Temurin-21.0.10+7 (21.0.10+7-LTS, mixed mode, sharing, tiered, compressed oops, compressed class ptrs, parallel gc, windows-amd64)
GC Precious Log:
 CardTable entry size: 512
 CPUs: 8 total, 8 available
 Memory: 6069M
 Large Page Support: Disabled
 NUMA Support: Disabled
 Compressed Oops: Enabled (32-bit)
 Alignments: Space 512K, Generation 512K, Heap 2M
 Heap Min Capacity: 100M
 Heap Initial Capacity: 100M
 Heap Max Capacity: 2G
 Pre-touch: Disabled
 Parallel Workers: 8
Heap:
 PSYoungGen      total 14848K, used 11205K [0x00000000d5580000, 0x00000000d6600000, 0x0000000100000000)
  eden space 12800K, 73% used [0x00000000d5580000,0x00000000d5ea56a8,0x00000000d6200000)
  from space 2048K, 89% used [0x00000000d6400000,0x00000000d65cc010,0x00000000d6600000)
  to   space 2048K, 0% used [0x00000000d6200000,0x00000000d6200000,0x00000000d6400000)
 ParOldGen       total 786432K, used 530110K [0x0000000080000000, 0x00000000b0000000, 0x00000000d5580000)
  object space 786432K, 67% used [0x0000000080000000,0x00000000a05afa88,0x00000000b0000000)
 Metaspace       used 80005K, committed 81664K, reserved 1179648K
  class space    used 8224K, committed 8960K, reserved 1048576K
GC Heap History (20 events):
Event: 15929.369 GC heap before
{Heap before GC invocations=1357 (full 4):
 PSYoungGen      total 15360K, used 15349K [0x00000000d5580000, 0x00000000d6c80000, 0x0000000100000000)
  eden space 14336K, 100% used [0x00000000d5580000,0x00000000d6380000,0x00000000d6380000)
  from space 1024K, 98% used [0x00000000d6780000,0x00000000d687d6b8,0x00000000d6880000)
  to   space 4096K, 0% used [0x00000000d6380000,0x00000000d6380000,0x00000000d6780000)
 ParOldGen       total 786432K, used 516544K [0x0000000080000000, 0x00000000b0000000, 0x00000000d5580000)
  object space 786432K, 65% used [0x0000000080000000,0x000000009f8701a8,0x00000000b0000000)
 Metaspace       used 79889K, committed 81600K, reserved 1179648K
  class space    used 8221K, committed 8960K, reserved 1048576K
}
Event: 15929.376 GC heap after
{Heap after GC invocations=1357 (full 4):
 PSYoungGen      total 15872K, used 1520K [0x00000000d5580000, 0x00000000d6880000, 0x0000000100000000)
  eden space 14336K, 0% used [0x00000000d5580000,0x00000000d5580000,0x00000000d6380000)
  from space 1536K, 98% used [0x00000000d6380000,0x00000000d64fc030,0x00000000d6500000)
  to   space 2560K, 0% used [0x00000000d6600000,0x00000000d6600000,0x00000000d6880000)
 ParOldGen       total 786432K, used 517556K [0x0000000080000000, 0x00000000b0000000, 0x00000000d5580000)
  object space 786432K, 65% used [0x0000000080000000,0x000000009f96d320,0x00000000b0000000)
 Metaspace       used 79889K, committed 81600K, reserved 1179648K
  class space    used 8221K, committed 8960K, reserved 1048576K
}
Event: 15929.471 GC heap before
{Heap before GC invocations=1358 (full 4):
 PSYoungGen      total 15872K, used 15856K [0x00000000d5580000, 0x00000000d6880000, 0x0000000100000000)
  eden space 14336K, 100% used [0x00000000d5580000,0x00000000d6380000,0x00000000d6380000)
  from space 1536K, 98% used [0x00000000d6380000,0x00000000d64fc030,0x00000000d6500000)
  to   space 2560K, 0% used [0x00000000d6600000,0x00000000d6600000,0x00000000d6880000)
 ParOldGen       total 786432K, used 517556K [0x0000000080000000, 0x00000000b0000000, 0x00000000d5580000)
  object space 786432K, 65% used [0x0000000080000000,0x000000009f96d320,0x00000000b0000000)
 Metaspace       used 79893K, committed 81600K, reserved 1179648K
  class space    used 8221K, committed 8960K, reserved 1048576K
}
Event: 15929.481 GC heap after
{Heap after GC invocations=1358 (full 4):
 PSYoungGen      total 16384K, used 1600K [0x00000000d5580000, 0x00000000d6800000, 0x0000000100000000)
  eden space 14336K, 0% used [0x00000000d5580000,0x00000000d5580000,0x00000000d6380000)
  from space 2048K, 78% used [0x00000000d6600000,0x00000000d6790040,0x00000000d6800000)
  to   space 2048K, 0% used [0x00000000d6400000,0x00000000d6400000,0x00000000d6600000)
 ParOldGen       total 786432K, used 518972K [0x0000000080000000, 0x00000000b0000000, 0x00000000d5580000)
  object space 786432K, 65% used [0x0000000080000000,0x000000009facf3e0,0x00000000b0000000)
 Metaspace       used 79893K, committed 81600K, reserved 1179648K
  class space    used 8221K, committed 8960K, reserved 1048576K
}
Event: 16196.688 GC heap before
{Heap before GC invocations=1359 (full 4):
 PSYoungGen      total 16384K, used 15936K [0x00000000d5580000, 0x00000000d6800000, 0x0000000100000000)
  eden space 14336K, 100% used [0x00000000d5580000,0x00000000d6380000,0x00000000d6380000)
  from space 2048K, 78% used [0x00000000d6600000,0x00000000d6790040,0x00000000d6800000)
  to   space 2048K, 0% used [0x00000000d6400000,0x00000000d6400000,0x00000000d6600000)
 ParOldGen       total 786432K, used 518972K [0x0000000080000000, 0x00000000b0000000, 0x00000000d5580000)
  object space 786432K, 65% used [0x0000000080000000,0x000000009facf3e0,0x00000000b0000000)
 Metaspace       used 79923K, committed 81600K, reserved 1179648K
  class space    used 8223K, committed 8960K, reserved 1048576K
}
Event: 16197.058 GC heap after
{Heap after GC invocations=1359 (full 4):
 PSYoungGen      total 15872K, used 1354K [0x00000000d5580000, 0x00000000d6680000, 0x0000000100000000)
  eden space 14336K, 0% used [0x00000000d5580000,0x00000000d5580000,0x00000000d6380000)
  from space 1536K, 88% used [0x00000000d6400000,0x00000000d6552980,0x00000000d6580000)
  to   space 1024K, 0% used [0x00000000d6580000,0x00000000d6580000,0x00000000d6680000)
 ParOldGen       total 786432K, used 520417K [0x0000000080000000, 0x00000000b0000000, 0x00000000d5580000)
  object space 786432K, 66% used [0x0000000080000000,0x000000009fc38490,0x00000000b0000000)
 Metaspace       used 79923K, committed 81600K, reserved 1179648K
  class space    used 8223K, committed 8960K, reserved 1048576K
}
Event: 18563.798 GC heap before
{Heap before GC invocations=1360 (full 4):
 PSYoungGen      total 15872K, used 15690K [0x00000000d5580000, 0x00000000d6680000, 0x0000000100000000)
  eden space 14336K, 100% used [0x00000000d5580000,0x00000000d6380000,0x00000000d6380000)
  from space 1536K, 88% used [0x00000000d6400000,0x00000000d6552980,0x00000000d6580000)
  to   space 1024K, 0% used [0x00000000d6580000,0x00000000d6580000,0x00000000d6680000)
 ParOldGen       total 786432K, used 520417K [0x0000000080000000, 0x00000000b0000000, 0x00000000d5580000)
  object space 786432K, 66% used [0x0000000080000000,0x000000009fc38490,0x00000000b0000000)
 Metaspace       used 79938K, committed 81600K, reserved 1179648K
  class space    used 8223K, committed 8960K, reserved 1048576K
}
Event: 18564.004 GC heap after
{Heap after GC invocations=1360 (full 4):
 PSYoungGen      total 13824K, used 1009K [0x00000000d5580000, 0x00000000d6a80000, 0x0000000100000000)
  eden space 12800K, 0% used [0x00000000d5580000,0x00000000d5580000,0x00000000d6200000)
  from space 1024K, 98% used [0x00000000d6580000,0x00000000d667c710,0x00000000d6680000)
  to   space 3584K, 0% used [0x00000000d6200000,0x00000000d6200000,0x00000000d6580000)
 ParOldGen       total 786432K, used 522453K [0x0000000080000000, 0x00000000b0000000, 0x00000000d5580000)
  object space 786432K, 66% used [0x0000000080000000,0x000000009fe35650,0x00000000b0000000)
 Metaspace       used 79938K, committed 81600K, reserved 1179648K
  class space    used 8223K, committed 8960K, reserved 1048576K
}
Event: 18564.369 GC heap before
{Heap before GC invocations=1361 (full 4):
 PSYoungGen      total 13824K, used 13809K [0x00000000d5580000, 0x00000000d6a80000, 0x0000000100000000)
  eden space 12800K, 100% used [0x00000000d5580000,0x00000000d6200000,0x00000000d6200000)
  from space 1024K, 98% used [0x00000000d6580000,0x00000000d667c710,0x00000000d6680000)
  to   space 3584K, 0% used [0x00000000d6200000,0x00000000d6200000,0x00000000d6580000)
 ParOldGen       total 786432K, used 522453K [0x0000000080000000, 0x00000000b0000000, 0x00000000d5580000)
  object space 786432K, 66% used [0x0000000080000000,0x000000009fe35650,0x00000000b0000000)
 Metaspace       used 79959K, committed 81600K, reserved 1179648K
  class space    used 8224K, committed 8960K, reserved 1048576K
}
Event: 18564.394 GC heap after
{Heap after GC invocations=1361 (full 4):
 PSYoungGen      total 14336K, used 1184K [0x00000000d5580000, 0x00000000d6600000, 0x0000000100000000)
  eden space 12800K, 0% used [0x00000000d5580000,0x00000000d5580000,0x00000000d6200000)
  from space 1536K, 77% used [0x00000000d6200000,0x00000000d6328020,0x00000000d6380000)
  to   space 2048K, 0% used [0x00000000d6400000,0x00000000d6400000,0x00000000d6600000)
 ParOldGen       total 786432K, used 523388K [0x0000000080000000, 0x00000000b0000000, 0x00000000d5580000)
  object space 786432K, 66% used [0x0000000080000000,0x000000009ff1f028,0x00000000b0000000)
 Metaspace       used 79959K, committed 81600K, reserved 1179648K
  class space    used 8224K, committed 8960K, reserved 1048576K
}
Event: 18565.491 GC heap before
{Heap before GC invocations=1362 (full 4):
 PSYoungGen      total 14336K, used 13984K [0x00000000d5580000, 0x00000000d6600000, 0x0000000100000000)
  eden space 12800K, 100% used [0x00000000d5580000,0x00000000d6200000,0x00000000d6200000)
  from space 1536K, 77% used [0x00000000d6200000,0x00000000d6328020,0x00000000d6380000)
  to   space 2048K, 0% used [0x00000000d6400000,0x00000000d6400000,0x00000000d6600000)
 ParOldGen       total 786432K, used 523388K [0x0000000080000000, 0x00000000b0000000, 0x00000000d5580000)
  object space 786432K, 66% used [0x0000000080000000,0x000000009ff1f028,0x00000000b0000000)
 Metaspace       used 79959K, committed 81600K, reserved 1179648K
  class space    used 8224K, committed 8960K, reserved 1048576K
}
Event: 18565.500 GC heap after
{Heap after GC invocations=1362 (full 4):
 PSYoungGen      total 14336K, used 1200K [0x00000000d5580000, 0x00000000d6580000, 0x0000000100000000)
  eden space 12800K, 0% used [0x00000000d5580000,0x00000000d5580000,0x00000000d6200000)
  from space 1536K, 78% used [0x00000000d6400000,0x00000000d652c050,0x00000000d6580000)
  to   space 1536K, 0% used [0x00000000d6200000,0x00000000d6200000,0x00000000d6380000)
 ParOldGen       total 786432K, used 524436K [0x0000000080000000, 0x00000000b0000000, 0x00000000d5580000)
  object space 786432K, 66% used [0x0000000080000000,0x00000000a00250c8,0x00000000b0000000)
 Metaspace       used 79959K, committed 81600K, reserved 1179648K
  class space    used 8224K, committed 8960K, reserved 1048576K
}
Event: 18566.013 GC heap before
{Heap before GC invocations=1363 (full 4):
 PSYoungGen      total 14336K, used 14000K [0x00000000d5580000, 0x00000000d6580000, 0x0000000100000000)
  eden space 12800K, 100% used [0x00000000d5580000,0x00000000d6200000,0x00000000d6200000)
  from space 1536K, 78% used [0x00000000d6400000,0x00000000d652c050,0x00000000d6580000)
  to   space 1536K, 0% used [0x00000000d6200000,0x00000000d6200000,0x00000000d6380000)
 ParOldGen       total 786432K, used 524436K [0x0000000080000000, 0x00000000b0000000, 0x00000000d5580000)
  object space 786432K, 66% used [0x0000000080000000,0x00000000a00250c8,0x00000000b0000000)
 Metaspace       used 79970K, committed 81600K, reserved 1179648K
  class space    used 8224K, committed 8960K, reserved 1048576K
}
Event: 18566.024 GC heap after
{Heap after GC invocations=1363 (full 4):
 PSYoungGen      total 14336K, used 1534K [0x00000000d5580000, 0x00000000d6800000, 0x0000000100000000)
  eden space 12800K, 0% used [0x00000000d5580000,0x00000000d5580000,0x00000000d6200000)
  from space 1536K, 99% used [0x00000000d6200000,0x00000000d637fba0,0x00000000d6380000)
  to   space 3072K, 0% used [0x00000000d6500000,0x00000000d6500000,0x00000000d6800000)
 ParOldGen       total 786432K, used 525652K [0x0000000080000000, 0x00000000b0000000, 0x00000000d5580000)
  object space 786432K, 66% used [0x0000000080000000,0x00000000a0155188,0x00000000b0000000)
 Metaspace       used 79970K, committed 81600K, reserved 1179648K
  class space    used 8224K, committed 8960K, reserved 1048576K
}
Event: 18566.158 GC heap before
{Heap before GC invocations=1364 (full 4):
 PSYoungGen      total 14336K, used 14334K [0x00000000d5580000, 0x00000000d6800000, 0x0000000100000000)
  eden space 12800K, 100% used [0x00000000d5580000,0x00000000d6200000,0x00000000d6200000)
  from space 1536K, 99% used [0x00000000d6200000,0x00000000d637fba0,0x00000000d6380000)
  to   space 3072K, 0% used [0x00000000d6500000,0x00000000d6500000,0x00000000d6800000)
 ParOldGen       total 786432K, used 525652K [0x0000000080000000, 0x00000000b0000000, 0x00000000d5580000)
  object space 786432K, 66% used [0x0000000080000000,0x00000000a0155188,0x00000000b0000000)
 Metaspace       used 79976K, committed 81600K, reserved 1179648K
  class space    used 8224K, committed 8960K, reserved 1048576K
}
Event: 18566.172 GC heap after
{Heap after GC invocations=1364 (full 4):
 PSYoungGen      total 15360K, used 2099K [0x00000000d5580000, 0x00000000d6780000, 0x0000000100000000)
  eden space 12800K, 0% used [0x00000000d5580000,0x00000000d5580000,0x00000000d6200000)
  from space 2560K, 82% used [0x00000000d6500000,0x00000000d670cf78,0x00000000d6780000)
  to   space 2560K, 0% used [0x00000000d6280000,0x00000000d6280000,0x00000000d6500000)
 ParOldGen       total 786432K, used 527025K [0x0000000080000000, 0x00000000b0000000, 0x00000000d5580000)
  object space 786432K, 67% used [0x0000000080000000,0x00000000a02ac688,0x00000000b0000000)
 Metaspace       used 79976K, committed 81600K, reserved 1179648K
  class space    used 8224K, committed 8960K, reserved 1048576K
}
Event: 18566.219 GC heap before
{Heap before GC invocations=1365 (full 4):
 PSYoungGen      total 15360K, used 14899K [0x00000000d5580000, 0x00000000d6780000, 0x0000000100000000)
  eden space 12800K, 100% used [0x00000000d5580000,0x00000000d6200000,0x00000000d6200000)
  from space 2560K, 82% used [0x00000000d6500000,0x00000000d670cf78,0x00000000d6780000)
  to   space 2560K, 0% used [0x00000000d6280000,0x00000000d6280000,0x00000000d6500000)
 ParOldGen       total 786432K, used 527025K [0x0000000080000000, 0x00000000b0000000, 0x00000000d5580000)
  object space 786432K, 67% used [0x0000000080000000,0x00000000a02ac688,0x00000000b0000000)
 Metaspace       used 79976K, committed 81600K, reserved 1179648K
  class space    used 8224K, committed 8960K, reserved 1048576K
}
Event: 18566.230 GC heap after
{Heap after GC invocations=1365 (full 4):
 PSYoungGen      total 14336K, used 1248K [0x00000000d5580000, 0x00000000d6600000, 0x0000000100000000)
  eden space 12800K, 0% used [0x00000000d5580000,0x00000000d5580000,0x00000000d6200000)
  from space 1536K, 81% used [0x00000000d6280000,0x00000000d63b8040,0x00000000d6400000)
  to   space 2048K, 0% used [0x00000000d6400000,0x00000000d6400000,0x00000000d6600000)
 ParOldGen       total 786432K, used 528990K [0x0000000080000000, 0x00000000b0000000, 0x00000000d5580000)
  object space 786432K, 67% used [0x0000000080000000,0x00000000a04979e8,0x00000000b0000000)
 Metaspace       used 79976K, committed 81600K, reserved 1179648K
  class space    used 8224K, committed 8960K, reserved 1048576K
}
Event: 18566.321 GC heap before
{Heap before GC invocations=1366 (full 4):
 PSYoungGen      total 14336K, used 14048K [0x00000000d5580000, 0x00000000d6600000, 0x0000000100000000)
  eden space 12800K, 100% used [0x00000000d5580000,0x00000000d6200000,0x00000000d6200000)
  from space 1536K, 81% used [0x00000000d6280000,0x00000000d63b8040,0x00000000d6400000)
  to   space 2048K, 0% used [0x00000000d6400000,0x00000000d6400000,0x00000000d6600000)
 ParOldGen       total 786432K, used 528990K [0x0000000080000000, 0x00000000b0000000, 0x00000000d5580000)
  object space 786432K, 67% used [0x0000000080000000,0x00000000a04979e8,0x00000000b0000000)
 Metaspace       used 79978K, committed 81600K, reserved 1179648K
  class space    used 8224K, committed 8960K, reserved 1048576K
}
Event: 18566.334 GC heap after
{Heap after GC invocations=1366 (full 4):
 PSYoungGen      total 14848K, used 1840K [0x00000000d5580000, 0x00000000d6600000, 0x0000000100000000)
  eden space 12800K, 0% used [0x00000000d5580000,0x00000000d5580000,0x00000000d6200000)
  from space 2048K, 89% used [0x00000000d6400000,0x00000000d65cc010,0x00000000d6600000)
  to   space 2048K, 0% used [0x00000000d6200000,0x00000000d6200000,0x00000000d6400000)
 ParOldGen       total 786432K, used 530110K [0x0000000080000000, 0x00000000b0000000, 0x00000000d5580000)
  object space 786432K, 67% used [0x0000000080000000,0x00000000a05afa88,0x00000000b0000000)
 Metaspace       used 79978K, committed 81600K, reserved 1179648K
  class space    used 8224K, committed 8960K, reserved 1048576K
}

